  Building Custom Rule C:/Users/lucia/programacao/My project/MultiplayerBook/PDCursesMod-master/vt/CMakeLists.txt
  pdcclip.c
  pdcdisp.c
  pdcgetsc.c
  pdckbd.c
  pdcscrn.c
  pdcsetsc.c
  pdcutil.c
  addch.c
  addchstr.c
  addstr.c
  attr.c
  beep.c
  bkgd.c
  border.c
  clear.c
  color.c
  debug.c
  delch.c
  deleteln.c
  getch.c
  getstr.c
  getyx.c
  inch.c
  inchstr.c
  initscr.c
  inopts.c
  insch.c
  insstr.c
  instr.c
  kernel.c
  keyname.c
  mouse.c
  move.c
  outopts.c
  overlay.c
  pad.c
  panel.c
  printw.c
  refresh.c
  scanw.c
  scr_dump.c
  scroll.c
  slk.c
  termattr.c
  terminfo.c
  touch.c
  util.c
  window.c
  vt_pdcursesstatic.vcxproj -> C:\Users\lucia\programacao\My project\MultiplayerBook\PDCursesMod-master-build\vt\Debug\pdcursesstaticd.lib
